<?xml version="1.0" encoding="utf-8"?><testsuites name="pytest tests"><testsuite name="pytest" errors="0" failures="0" skipped="0" tests="16" time="2.288" timestamp="2026-05-10T17:46:40.464057+00:00" hostname="agent-env-f34e5bb1-52a6-4481-9757-0d81b3a66cdc"><testcase classname="backend.tests.test_paypal_flow" name="test_healthcheck" time="0.265" /><testcase classname="backend.tests.test_paypal_flow" name="test_admin_login" time="0.272" /><testcase classname="backend.tests.test_paypal_flow" name="test_institutions_count" time="0.046" /><testcase classname="backend.tests.test_paypal_flow" name="test_jurisprudences_count" time="0.324" /><testcase classname="backend.tests.test_paypal_flow" name="test_payment_options" time="0.044" /><testcase classname="backend.tests.test_paypal_flow" name="test_checkout_eur" time="0.062" /><testcase classname="backend.tests.test_paypal_flow" name="test_checkout_usd_pricing" time="0.050" /><testcase classname="backend.tests.test_paypal_flow" name="test_checkout_invalid_currency" time="0.040" /><testcase classname="backend.tests.test_paypal_flow" name="test_checkout_unknown_generation" time="0.046" /><testcase classname="backend.tests.test_paypal_flow" name="test_checkout_status_valid" time="0.091" /><testcase classname="backend.tests.test_paypal_flow" name="test_checkout_status_unknown" time="0.045" /><testcase classname="backend.tests.test_paypal_flow" name="test_webhook_empty" time="0.135" /><testcase classname="backend.tests.test_paypal_flow" name="test_webhook_no_custom" time="0.138" /><testcase classname="backend.tests.test_paypal_flow" name="test_webhook_unknown_txn_or_invalid" time="0.397" /><testcase classname="backend.tests.test_paypal_flow" name="test_stripe_webhook_removed" time="0.145" /><testcase classname="backend.tests.test_paypal_flow" name="test_mock_checkout_removed" time="0.041" /></testsuite></testsuites>