<?xml version="1.0" encoding="utf-8"?><testsuites name="pytest tests"><testsuite name="pytest" errors="0" failures="1" skipped="3" tests="36" time="3.189" timestamp="2026-05-10T19:15:32.165629+00:00" hostname="agent-env-f34e5bb1-52a6-4481-9757-0d81b3a66cdc"><testcase classname="backend.tests.test_refactor_ar.TestAuth" name="test_root_ok" time="0.212" /><testcase classname="backend.tests.test_refactor_ar.TestAuth" name="test_admin_login" time="0.271" /><testcase classname="backend.tests.test_refactor_ar.TestAuth" name="test_register_user_idempotent" time="0.047" /><testcase classname="backend.tests.test_refactor_ar.TestAuth" name="test_user_login" time="0.310" /><testcase classname="backend.tests.test_refactor_ar.TestAuth" name="test_me_admin" time="0.047" /><testcase classname="backend.tests.test_refactor_ar.TestAuth" name="test_me_user" time="0.047" /><testcase classname="backend.tests.test_refactor_ar.TestMeta" name="test_meta_options" time="0.045" /><testcase classname="backend.tests.test_refactor_ar.TestMeta" name="test_institutions_list" time="0.048" /><testcase classname="backend.tests.test_refactor_ar.TestMeta" name="test_institutions_filter_mr" time="0.091" /><testcase classname="backend.tests.test_refactor_ar.TestGenerationsArabic" name="test_ar_persisted_in_db" time="0.143" /><testcase classname="backend.tests.test_refactor_ar.TestGenerationsArabic" name="test_ar_pdf_export" time="0.131" /><testcase classname="backend.tests.test_refactor_ar.TestGenerationsArabic" name="test_ar_docx_export" time="0.093" /><testcase classname="backend.tests.test_refactor_ar.TestGenerationsArabic" name="test_ar_slides_export" time="0.052" /><testcase classname="backend.tests.test_refactor_ar.TestArabicLLM" name="test_ar_generation_live" time="0.000"><skipped type="pytest.skip" message="Live LLM call disabled — Claude/LiteLLM unreliable in preview env, causes worker to block on retries; AR support is validated via TestGenerationsArabic (seeded mongo + exports + RTL).">/app/backend/tests/test_refactor_ar.py:274: Live LLM call disabled — Claude/LiteLLM unreliable in preview env, causes worker to block on retries; AR support is validated via TestGenerationsArabic (seeded mongo + exports + RTL).</skipped></testcase><testcase classname="backend.tests.test_refactor_ar.TestGenerationsFrench" name="test_fr_pdf" time="0.127" /><testcase classname="backend.tests.test_refactor_ar.TestGenerationsFrench" name="test_fr_docx" time="0.094" /><testcase classname="backend.tests.test_refactor_ar.TestGenerationsFrench" name="test_fr_slides" time="0.051" /><testcase classname="backend.tests.test_refactor_ar.TestGenerationsFrench" name="test_list_generations" time="0.049" /><testcase classname="backend.tests.test_refactor_ar.TestGenerationsFrench" name="test_user_list_isolation" time="0.064" /><testcase classname="backend.tests.test_refactor_ar.TestGenerationsFrench" name="test_user_get_admin_gen_forbidden" time="0.049" /><testcase classname="backend.tests.test_refactor_ar.TestVitalistAnalyze" name="test_analyze_fr" time="0.000"><skipped type="pytest.skip" message="Live LLM call disabled — see TestArabicLLM note.">/app/backend/tests/test_refactor_ar.py:398: Live LLM call disabled — see TestArabicLLM note.</skipped></testcase><testcase classname="backend.tests.test_refactor_ar.TestVitalistAnalyze" name="test_analyze_ar" time="0.000"><skipped type="pytest.skip" message="Live LLM call disabled — see TestArabicLLM note.">/app/backend/tests/test_refactor_ar.py:413: Live LLM call disabled — see TestArabicLLM note.</skipped></testcase><testcase classname="backend.tests.test_refactor_ar.TestSources" name="test_upload_list_delete" time="0.330" /><testcase classname="backend.tests.test_refactor_ar.TestJurisprudences" name="test_list_min_20" time="0.055" /><testcase classname="backend.tests.test_refactor_ar.TestJurisprudences" name="test_search_dette" time="0.046" /><testcase classname="backend.tests.test_refactor_ar.TestPaymentsAndBanks" name="test_payment_options" time="0.048" /><testcase classname="backend.tests.test_refactor_ar.TestPaymentsAndBanks" name="test_user_bank_accounts" time="0.043" /><testcase classname="backend.tests.test_refactor_ar.TestPaymentsAndBanks" name="test_bank_account_created" time="0.096" /><testcase classname="backend.tests.test_refactor_ar.TestPaymentsAndBanks" name="test_wire_flow_full" time="0.098"><failure message="KeyError: 'reference'">backend/tests/test_refactor_ar.py:557: in test_wire_flow_full
    assert wire["reference"].startswith("VF-")
           ^^^^^^^^^^^^^^^^^
E   KeyError: 'reference'</failure></testcase><testcase classname="backend.tests.test_refactor_ar.TestAdmin" name="test_users" time="0.054" /><testcase classname="backend.tests.test_refactor_ar.TestAdmin" name="test_stats" time="0.050" /><testcase classname="backend.tests.test_refactor_ar.TestAdmin" name="test_generations" time="0.046" /><testcase classname="backend.tests.test_refactor_ar.TestAdmin" name="test_bank_accounts_admin" time="0.045" /><testcase classname="backend.tests.test_refactor_ar.TestAdmin" name="test_pending_payments" time="0.051" /><testcase classname="backend.tests.test_refactor_ar.TestAdmin" name="test_revenue" time="0.059" /><testcase classname="backend.tests.test_refactor_ar.TestAdmin" name="test_admin_forbidden_for_user" time="0.045" /></testsuite></testsuites>