<?xml version="1.0" encoding="utf-8"?><testsuites name="pytest tests"><testsuite name="pytest" errors="0" failures="0" skipped="0" tests="16" time="2.882" timestamp="2026-05-10T18:04:27.558600+00:00" hostname="agent-env-f34e5bb1-52a6-4481-9757-0d81b3a66cdc"><testcase classname="backend.tests.test_wire_flow" name="test_admin_create_bank_normalizes" time="0.586" /><testcase classname="backend.tests.test_wire_flow" name="test_admin_list_bank_accounts" time="0.090" /><testcase classname="backend.tests.test_wire_flow" name="test_user_list_bank_accounts_only_active" time="0.317" /><testcase classname="backend.tests.test_wire_flow" name="test_admin_patch_bank_account" time="0.048" /><testcase classname="backend.tests.test_wire_flow" name="test_admin_patch_bank_account_404" time="0.047" /><testcase classname="backend.tests.test_wire_flow" name="test_admin_delete_bank_account" time="0.140" /><testcase classname="backend.tests.test_wire_flow" name="test_wire_initiate_success" time="0.053" /><testcase classname="backend.tests.test_wire_flow" name="test_wire_initiate_inactive_bank_404" time="0.043" /><testcase classname="backend.tests.test_wire_flow" name="test_wire_initiate_someone_elses_generation_403" time="0.352" /><testcase classname="backend.tests.test_wire_flow" name="test_wire_confirm_and_admin_pending" time="0.136" /><testcase classname="backend.tests.test_wire_flow" name="test_wire_admin_validate_then_already_paid" time="0.227" /><testcase classname="backend.tests.test_wire_flow" name="test_wire_admin_reject" time="0.132" /><testcase classname="backend.tests.test_wire_flow" name="test_admin_reject_404" time="0.045" /><testcase classname="backend.tests.test_wire_flow" name="test_admin_revenue" time="0.046" /><testcase classname="backend.tests.test_wire_flow" name="test_admin_endpoints_forbid_regular_user" time="0.423" /><testcase classname="backend.tests.test_wire_flow" name="test_paypal_checkout_regression" time="0.047" /></testsuite></testsuites>