<?xml version="1.0" encoding="utf-8"?><testsuites name="pytest tests"><testsuite name="pytest" errors="0" failures="10" skipped="0" tests="24" time="183.489" timestamp="2026-05-10T14:48:37.553397+00:00" hostname="agent-env-f34e5bb1-52a6-4481-9757-0d81b3a66cdc"><testcase classname="backend.tests.backend_test" name="test_root" time="0.131" /><testcase classname="backend.tests.backend_test" name="test_login_admin" time="0.269" /><testcase classname="backend.tests.backend_test" name="test_register_user" time="0.269" /><testcase classname="backend.tests.backend_test" name="test_register_duplicate_email" time="0.048" /><testcase classname="backend.tests.backend_test" name="test_auth_me_admin" time="0.046" /><testcase classname="backend.tests.backend_test" name="test_auth_me_no_token" time="0.081" /><testcase classname="backend.tests.backend_test" name="test_meta_options" time="0.043" /><testcase classname="backend.tests.backend_test" name="test_institutions_count" time="0.049" /><testcase classname="backend.tests.backend_test" name="test_institutions_filter_fr" time="0.048" /><testcase classname="backend.tests.backend_test" name="test_create_generation_admin" time="60.096"><failure message="AssertionError: Generation failed: 502 The preview environment is not responding. It may be starting up.&#10;  &#10;assert 502 == 200&#10; +  where 502 = &lt;Response [502]&gt;.status_code">E   AssertionError: Generation failed: 502 The preview environment is not responding. It may be starting up.
      
    assert 502 == 200
     +  where 502 = &lt;Response [502]&gt;.status_code</failure></testcase><testcase classname="backend.tests.backend_test" name="test_get_my_generations_admin" time="30.029"><failure message="requests.exceptions.ReadTimeout: HTTPSConnectionPool(host='formation-finances.preview.emergentagent.com', port=443): Read timed out. (read timeout=30)">E   TimeoutError: The read operation timed out

The above exception was the direct cause of the following exception:
E   urllib3.exceptions.ReadTimeoutError: HTTPSConnectionPool(host='formation-finances.preview.emergentagent.com', port=443): Read timed out. (read timeout=30)

During handling of the above exception, another exception occurred:
E   requests.exceptions.ReadTimeout: HTTPSConnectionPool(host='formation-finances.preview.emergentagent.com', port=443): Read timed out. (read timeout=30)</failure></testcase><testcase classname="backend.tests.backend_test" name="test_get_generation_admin_full" time="0.000"><failure message="AssertionError: Need previous generation&#10;assert None">E   AssertionError: Need previous generation
    assert None</failure></testcase><testcase classname="backend.tests.backend_test" name="test_download_pdf_admin" time="60.154"><failure message="assert 502 == 200&#10; +  where 502 = &lt;Response [502]&gt;.status_code">E   assert 502 == 200
     +  where 502 = &lt;Response [502]&gt;.status_code</failure></testcase><testcase classname="backend.tests.backend_test" name="test_download_docx_admin" time="31.053"><failure message="assert 404 == 200&#10; +  where 404 = &lt;Response [404]&gt;.status_code">E   assert 404 == 200
     +  where 404 = &lt;Response [404]&gt;.status_code</failure></testcase><testcase classname="backend.tests.backend_test" name="test_download_slides_admin" time="0.075"><failure message="assert 404 == 200&#10; +  where 404 = &lt;Response [404]&gt;.status_code">E   assert 404 == 200
     +  where 404 = &lt;Response [404]&gt;.status_code</failure></testcase><testcase classname="backend.tests.backend_test" name="test_user_create_generation_and_paywall" time="0.300"><failure message="AssertionError: User generation failed: 502 {&quot;detail&quot;:&quot;Erreur du moteur IA: Failed to generate chat completion: litellm.BadRequestError: OpenAIException - Budget has been exceeded! Current cost: 18.126335499999993, Max budget: 18.0&quot;}&#10;assert 502 == 200&#10; +  where 502 = &lt;Response [502]&gt;.status_code">E   AssertionError: User generation failed: 502 {"detail":"Erreur du moteur IA: Failed to generate chat completion: litellm.BadRequestError: OpenAIException - Budget has been exceeded! Current cost: 18.126335499999993, Max budget: 18.0"}
    assert 502 == 200
     +  where 502 = &lt;Response [502]&gt;.status_code</failure></testcase><testcase classname="backend.tests.backend_test" name="test_user_download_blocked_402" time="0.000"><failure message="assert None">E   assert None</failure></testcase><testcase classname="backend.tests.backend_test" name="test_mock_checkout_unlocks" time="0.046"><failure message="assert 422 == 200&#10; +  where 422 = &lt;Response [422]&gt;.status_code">E   assert 422 == 200
     +  where 422 = &lt;Response [422]&gt;.status_code</failure></testcase><testcase classname="backend.tests.backend_test" name="test_vitalist_analyze" time="0.168"><failure message="AssertionError: Vitalist analyze failed: 502 {&quot;detail&quot;:&quot;Erreur du moteur IA: Failed to generate chat completion: litellm.BadRequestError: OpenAIException - Budget has been exceeded! Current cost: 18.126335499999993, Max budget: 18.0&quot;}&#10;assert 502 == 200&#10; +  where 502 = &lt;Response [502]&gt;.status_code">E   AssertionError: Vitalist analyze failed: 502 {"detail":"Erreur du moteur IA: Failed to generate chat completion: litellm.BadRequestError: OpenAIException - Budget has been exceeded! Current cost: 18.126335499999993, Max budget: 18.0"}
    assert 502 == 200
     +  where 502 = &lt;Response [502]&gt;.status_code</failure></testcase><testcase classname="backend.tests.backend_test" name="test_admin_users_list" time="0.050" /><testcase classname="backend.tests.backend_test" name="test_admin_users_forbidden_for_user" time="0.047" /><testcase classname="backend.tests.backend_test" name="test_admin_grant_vip" time="0.230" /><testcase classname="backend.tests.backend_test" name="test_admin_stats" time="0.045" /><testcase classname="backend.tests.backend_test" name="test_admin_institution_create_delete" time="0.137" /></testsuite></testsuites>