<?xml version="1.0" encoding="utf-8"?><testsuites name="pytest tests"><testsuite name="pytest" errors="0" failures="0" skipped="0" tests="16" time="62.776" timestamp="2026-05-10T16:19:14.808420+00:00" hostname="agent-env-f34e5bb1-52a6-4481-9757-0d81b3a66cdc"><testcase classname="tests.backend_test.TestSmoke" name="test_root" time="0.127" /><testcase classname="tests.backend_test.TestSmoke" name="test_admin_login" time="0.271" /><testcase classname="tests.backend_test.TestSmoke" name="test_institutions_count" time="0.050" /><testcase classname="tests.backend_test.TestSourcesUpload" name="test_upload_txt_and_list_and_delete" time="0.322" /><testcase classname="tests.backend_test.TestSourcesUpload" name="test_upload_pdf" time="0.308" /><testcase classname="tests.backend_test.TestSourcesUpload" name="test_upload_unsupported_format" time="0.048" /><testcase classname="tests.backend_test.TestJurisprudences" name="test_create_juris" time="0.046" /><testcase classname="tests.backend_test.TestJurisprudences" name="test_search_by_q" time="0.048" /><testcase classname="tests.backend_test.TestJurisprudences" name="test_filter_by_country" time="0.045" /><testcase classname="tests.backend_test.TestJurisprudences" name="test_get_full_body" time="0.048" /><testcase classname="tests.backend_test.TestJurisprudences" name="test_delete" time="0.099" /><testcase classname="tests.backend_test.TestStripeCheckout" name="test_checkout_creates_session_and_txn" time="0.605" /><testcase classname="tests.backend_test.TestStripeCheckout" name="test_checkout_status_initiated" time="0.278" /><testcase classname="tests.backend_test.TestGenerationPayload" name="test_payload_validation" time="60.104" /><testcase classname="tests.backend_test.TestEmailService" name="test_module_imports" time="0.054" /><testcase classname="tests.backend_test.TestEmailService" name="test_send_to_resend_test_address" time="0.261" /></testsuite></testsuites>